09:35:35.834 INFO  o.springframework.boot.StartupInfoLogger.logStarting: Starting FideliteServiceApplication using Java 17.0.7 on a721178win with PID 1464 (D:\Lat_Phase_Capstone\Fidelite-Rest\target\classes started by a721178 in D:\Lat_Phase_Capstone\Fidelite-Rest)
09:35:35.842 INFO  o.springframework.boot.SpringApplication.logStartupProfileInfo: The following 1 profile is active: "prod"
09:35:37.854 INFO  o.s.b.w.embedded.tomcat.TomcatWebServer.initialize: Tomcat initialized with port(s): 8080 (http)
09:35:37.873 INFO  org.apache.juli.logging.DirectJDKLog.log: Starting service [Tomcat]
09:35:37.874 INFO  org.apache.juli.logging.DirectJDKLog.log: Starting Servlet engine: [Apache Tomcat/9.0.62]
09:35:38.051 INFO  org.apache.juli.logging.DirectJDKLog.log: Initializing Spring embedded WebApplicationContext
09:35:38.052 INFO  o.s.b.w.s.c.ServletWebServerApplicationContext.prepareWebApplicationContext: Root WebApplicationContext: initialization completed in 2084 ms
09:35:39.631 INFO  o.s.b.a.e.web.EndpointLinksResolver.<init>: Exposing 1 endpoint(s) beneath base path '/actuator'
09:35:39.713 INFO  o.s.b.w.embedded.tomcat.TomcatWebServer.start: Tomcat started on port(s): 8080 (http) with context path ''
09:35:39.742 INFO  o.springframework.boot.StartupInfoLogger.logStarted: Started FideliteServiceApplication in 4.527 seconds (JVM running for 5.657)
09:35:40.737 INFO  org.apache.juli.logging.DirectJDKLog.log: Initializing Spring DispatcherServlet 'dispatcherServlet'
09:35:40.737 INFO  o.s.web.servlet.FrameworkServlet.initServletBean: Initializing Servlet 'dispatcherServlet'
09:35:40.740 INFO  o.s.web.servlet.FrameworkServlet.initServletBean: Completed initialization in 2 ms
09:35:49.036 INFO  com.zaxxer.hikari.HikariDataSource.getConnection: HikariPool-1 - Starting...
09:35:49.608 INFO  com.zaxxer.hikari.HikariDataSource.getConnection: HikariPool-1 - Start completed.
09:36:20.947 INFO  c.c.fidelite.models.DirectionTypeHandler.setNonNullParameter: B,BUYhgsadufhiasdfo*******AREYBABU******
09:37:36.847 INFO  c.c.fidelite.models.DirectionTypeHandler.getNullableResult: BUYhgsadufhiasdfozzzzzzzzz@@@@@@@@@@@@@@@@*******
09:37:36.863 ERROR org.apache.juli.logging.DirectJDKLog.log: Servlet.service() for servlet [dispatcherServlet] in context with path [] threw exception [Request processing failed; nested exception is com.capstone.fidelite.integration.DatabaseException: Server Eroor related to database access] with root cause
com.capstone.fidelite.integration.DatabaseException: Server Eroor related to database access
	at com.capstone.fidelite.services.PortfolioService.getTradeHistory(PortfolioService.java:251)
	at com.capstone.fidelite.restcontroller.TradeController.getAllTrades(TradeController.java:115)
	at java.base/jdk.internal.reflect.NativeMethodAccessorImpl.invoke0(Native Method)
	at java.base/jdk.internal.reflect.NativeMethodAccessorImpl.invoke(NativeMethodAccessorImpl.java:77)
	at java.base/jdk.internal.reflect.DelegatingMethodAccessorImpl.invoke(DelegatingMethodAccessorImpl.java:43)
	at java.base/java.lang.reflect.Method.invoke(Method.java:568)
	at org.springframework.web.method.support.InvocableHandlerMethod.doInvoke(InvocableHandlerMethod.java:205)
	at org.springframework.web.method.support.InvocableHandlerMethod.invokeForRequest(InvocableHandlerMethod.java:150)
	at org.springframework.web.servlet.mvc.method.annotation.ServletInvocableHandlerMethod.invokeAndHandle(ServletInvocableHandlerMethod.java:117)
	at org.springframework.web.servlet.mvc.method.annotation.RequestMappingHandlerAdapter.invokeHandlerMethod(RequestMappingHandlerAdapter.java:895)
	at org.springframework.web.servlet.mvc.method.annotation.RequestMappingHandlerAdapter.handleInternal(RequestMappingHandlerAdapter.java:808)
	at org.springframework.web.servlet.mvc.method.AbstractHandlerMethodAdapter.handle(AbstractHandlerMethodAdapter.java:87)
	at org.springframework.web.servlet.DispatcherServlet.doDispatch(DispatcherServlet.java:1067)
	at org.springframework.web.servlet.DispatcherServlet.doService(DispatcherServlet.java:963)
	at org.springframework.web.servlet.FrameworkServlet.processRequest(FrameworkServlet.java:1006)
	at org.springframework.web.servlet.FrameworkServlet.doGet(FrameworkServlet.java:898)
	at javax.servlet.http.HttpServlet.service(HttpServlet.java:655)
	at org.springframework.web.servlet.FrameworkServlet.service(FrameworkServlet.java:883)
	at javax.servlet.http.HttpServlet.service(HttpServlet.java:764)
	at org.apache.catalina.core.ApplicationFilterChain.internalDoFilter(ApplicationFilterChain.java:227)
	at org.apache.catalina.core.ApplicationFilterChain.doFilter(ApplicationFilterChain.java:162)
	at org.apache.tomcat.websocket.server.WsFilter.doFilter(WsFilter.java:53)
	at org.apache.catalina.core.ApplicationFilterChain.internalDoFilter(ApplicationFilterChain.java:189)
	at org.apache.catalina.core.ApplicationFilterChain.doFilter(ApplicationFilterChain.java:162)
	at org.springframework.web.filter.RequestContextFilter.doFilterInternal(RequestContextFilter.java:100)
	at org.springframework.web.filter.OncePerRequestFilter.doFilter(OncePerRequestFilter.java:117)
	at org.apache.catalina.core.ApplicationFilterChain.internalDoFilter(ApplicationFilterChain.java:189)
	at org.apache.catalina.core.ApplicationFilterChain.doFilter(ApplicationFilterChain.java:162)
	at org.springframework.web.filter.FormContentFilter.doFilterInternal(FormContentFilter.java:93)
	at org.springframework.web.filter.OncePerRequestFilter.doFilter(OncePerRequestFilter.java:117)
	at org.apache.catalina.core.ApplicationFilterChain.internalDoFilter(ApplicationFilterChain.java:189)
	at org.apache.catalina.core.ApplicationFilterChain.doFilter(ApplicationFilterChain.java:162)
	at org.springframework.boot.actuate.metrics.web.servlet.WebMvcMetricsFilter.doFilterInternal(WebMvcMetricsFilter.java:96)
	at org.springframework.web.filter.OncePerRequestFilter.doFilter(OncePerRequestFilter.java:117)
	at org.apache.catalina.core.ApplicationFilterChain.internalDoFilter(ApplicationFilterChain.java:189)
	at org.apache.catalina.core.ApplicationFilterChain.doFilter(ApplicationFilterChain.java:162)
	at org.springframework.web.filter.CharacterEncodingFilter.doFilterInternal(CharacterEncodingFilter.java:201)
	at org.springframework.web.filter.OncePerRequestFilter.doFilter(OncePerRequestFilter.java:117)
	at org.apache.catalina.core.ApplicationFilterChain.internalDoFilter(ApplicationFilterChain.java:189)
	at org.apache.catalina.core.ApplicationFilterChain.doFilter(ApplicationFilterChain.java:162)
	at org.apache.catalina.core.StandardWrapperValve.invoke(StandardWrapperValve.java:197)
	at org.apache.catalina.core.StandardContextValve.invoke(StandardContextValve.java:97)
	at org.apache.catalina.authenticator.AuthenticatorBase.invoke(AuthenticatorBase.java:541)
	at org.apache.catalina.core.StandardHostValve.invoke(StandardHostValve.java:135)
	at org.apache.catalina.valves.ErrorReportValve.invoke(ErrorReportValve.java:92)
	at org.apache.catalina.core.StandardEngineValve.invoke(StandardEngineValve.java:78)
	at org.apache.catalina.connector.CoyoteAdapter.service(CoyoteAdapter.java:360)
	at org.apache.coyote.http11.Http11Processor.service(Http11Processor.java:399)
	at org.apache.coyote.AbstractProcessorLight.process(AbstractProcessorLight.java:65)
	at org.apache.coyote.AbstractProtocol$ConnectionHandler.process(AbstractProtocol.java:890)
	at org.apache.tomcat.util.net.NioEndpoint$SocketProcessor.doRun(NioEndpoint.java:1743)
	at org.apache.tomcat.util.net.SocketProcessorBase.run(SocketProcessorBase.java:49)
	at org.apache.tomcat.util.threads.ThreadPoolExecutor.runWorker(ThreadPoolExecutor.java:1191)
	at org.apache.tomcat.util.threads.ThreadPoolExecutor$Worker.run(ThreadPoolExecutor.java:659)
	at org.apache.tomcat.util.threads.TaskThread$WrappingRunnable.run(TaskThread.java:61)
	at java.base/java.lang.Thread.run(Thread.java:833)
10:12:12.474 INFO  o.s.b.a.SpringApplicationAdminMXBeanRegistrar$SpringApplicationAdmin.shutdown: Application shutdown requested.
10:12:12.502 INFO  com.zaxxer.hikari.HikariDataSource.close: HikariPool-1 - Shutdown initiated...
10:12:12.516 INFO  com.zaxxer.hikari.HikariDataSource.close: HikariPool-1 - Shutdown completed.
10:12:17.822 INFO  o.springframework.boot.StartupInfoLogger.logStarting: Starting FideliteServiceApplication using Java 17.0.7 on a721178win with PID 4508 (D:\Lat_Phase_Capstone\Fidelite-Rest\target\classes started by a721178 in D:\Lat_Phase_Capstone\Fidelite-Rest)
10:12:17.827 INFO  o.springframework.boot.SpringApplication.logStartupProfileInfo: The following 1 profile is active: "prod"
10:12:19.419 INFO  o.s.b.w.embedded.tomcat.TomcatWebServer.initialize: Tomcat initialized with port(s): 8080 (http)
10:12:19.433 INFO  org.apache.juli.logging.DirectJDKLog.log: Starting service [Tomcat]
10:12:19.434 INFO  org.apache.juli.logging.DirectJDKLog.log: Starting Servlet engine: [Apache Tomcat/9.0.62]
10:12:19.574 INFO  org.apache.juli.logging.DirectJDKLog.log: Initializing Spring embedded WebApplicationContext
10:12:19.575 INFO  o.s.b.w.s.c.ServletWebServerApplicationContext.prepareWebApplicationContext: Root WebApplicationContext: initialization completed in 1681 ms
10:12:20.900 INFO  o.s.b.a.e.web.EndpointLinksResolver.<init>: Exposing 1 endpoint(s) beneath base path '/actuator'
10:12:20.961 INFO  o.s.b.w.embedded.tomcat.TomcatWebServer.start: Tomcat started on port(s): 8080 (http) with context path ''
10:12:20.985 INFO  o.springframework.boot.StartupInfoLogger.logStarted: Started FideliteServiceApplication in 3.696 seconds (JVM running for 4.64)
10:12:21.334 INFO  org.apache.juli.logging.DirectJDKLog.log: Initializing Spring DispatcherServlet 'dispatcherServlet'
10:12:21.334 INFO  o.s.web.servlet.FrameworkServlet.initServletBean: Initializing Servlet 'dispatcherServlet'
10:12:21.336 INFO  o.s.web.servlet.FrameworkServlet.initServletBean: Completed initialization in 1 ms
10:12:32.598 INFO  com.zaxxer.hikari.HikariDataSource.getConnection: HikariPool-1 - Starting...
10:12:32.970 INFO  com.zaxxer.hikari.HikariDataSource.getConnection: HikariPool-1 - Start completed.
10:13:18.965 INFO  c.c.fidelite.models.DirectionTypeHandler.setNonNullParameter: B,BUYhgsadufhiasdfo*******AREYBABU******
10:17:53.212 INFO  o.s.b.a.SpringApplicationAdminMXBeanRegistrar$SpringApplicationAdmin.shutdown: Application shutdown requested.
10:17:53.242 INFO  com.zaxxer.hikari.HikariDataSource.close: HikariPool-1 - Shutdown initiated...
10:17:53.261 INFO  com.zaxxer.hikari.HikariDataSource.close: HikariPool-1 - Shutdown completed.
10:17:57.009 INFO  o.springframework.boot.StartupInfoLogger.logStarting: Starting FideliteServiceApplication using Java 17.0.7 on a721178win with PID 4936 (D:\Lat_Phase_Capstone\Fidelite-Rest\target\classes started by a721178 in D:\Lat_Phase_Capstone\Fidelite-Rest)
10:17:57.014 INFO  o.springframework.boot.SpringApplication.logStartupProfileInfo: The following 1 profile is active: "prod"
10:17:58.585 INFO  o.s.b.w.embedded.tomcat.TomcatWebServer.initialize: Tomcat initialized with port(s): 8080 (http)
10:17:58.598 INFO  org.apache.juli.logging.DirectJDKLog.log: Starting service [Tomcat]
10:17:58.599 INFO  org.apache.juli.logging.DirectJDKLog.log: Starting Servlet engine: [Apache Tomcat/9.0.62]
10:17:58.731 INFO  org.apache.juli.logging.DirectJDKLog.log: Initializing Spring embedded WebApplicationContext
10:17:58.732 INFO  o.s.b.w.s.c.ServletWebServerApplicationContext.prepareWebApplicationContext: Root WebApplicationContext: initialization completed in 1648 ms
10:18:00.053 INFO  o.s.b.a.e.web.EndpointLinksResolver.<init>: Exposing 1 endpoint(s) beneath base path '/actuator'
10:18:00.116 INFO  o.s.b.w.embedded.tomcat.TomcatWebServer.start: Tomcat started on port(s): 8080 (http) with context path ''
10:18:00.134 INFO  o.springframework.boot.StartupInfoLogger.logStarted: Started FideliteServiceApplication in 3.695 seconds (JVM running for 4.566)
10:18:00.549 INFO  org.apache.juli.logging.DirectJDKLog.log: Initializing Spring DispatcherServlet 'dispatcherServlet'
10:18:00.549 INFO  o.s.web.servlet.FrameworkServlet.initServletBean: Initializing Servlet 'dispatcherServlet'
10:18:00.552 INFO  o.s.web.servlet.FrameworkServlet.initServletBean: Completed initialization in 2 ms
10:23:53.346 INFO  o.s.b.a.SpringApplicationAdminMXBeanRegistrar$SpringApplicationAdmin.shutdown: Application shutdown requested.
10:23:57.196 INFO  o.springframework.boot.StartupInfoLogger.logStarting: Starting FideliteServiceApplication using Java 17.0.7 on a721178win with PID 600 (D:\Lat_Phase_Capstone\Fidelite-Rest\target\classes started by a721178 in D:\Lat_Phase_Capstone\Fidelite-Rest)
10:23:57.203 INFO  o.springframework.boot.SpringApplication.logStartupProfileInfo: The following 1 profile is active: "prod"
10:23:58.805 INFO  o.s.b.w.embedded.tomcat.TomcatWebServer.initialize: Tomcat initialized with port(s): 8080 (http)
10:23:58.819 INFO  org.apache.juli.logging.DirectJDKLog.log: Starting service [Tomcat]
10:23:58.820 INFO  org.apache.juli.logging.DirectJDKLog.log: Starting Servlet engine: [Apache Tomcat/9.0.62]
10:23:58.958 INFO  org.apache.juli.logging.DirectJDKLog.log: Initializing Spring embedded WebApplicationContext
10:23:58.959 INFO  o.s.b.w.s.c.ServletWebServerApplicationContext.prepareWebApplicationContext: Root WebApplicationContext: initialization completed in 1671 ms
10:24:00.369 INFO  o.s.b.a.e.web.EndpointLinksResolver.<init>: Exposing 1 endpoint(s) beneath base path '/actuator'
10:24:00.432 INFO  o.s.b.w.embedded.tomcat.TomcatWebServer.start: Tomcat started on port(s): 8080 (http) with context path ''
10:24:00.451 INFO  o.springframework.boot.StartupInfoLogger.logStarted: Started FideliteServiceApplication in 3.847 seconds (JVM running for 4.685)
10:24:00.691 INFO  org.apache.juli.logging.DirectJDKLog.log: Initializing Spring DispatcherServlet 'dispatcherServlet'
10:24:00.692 INFO  o.s.web.servlet.FrameworkServlet.initServletBean: Initializing Servlet 'dispatcherServlet'
10:24:00.694 INFO  o.s.web.servlet.FrameworkServlet.initServletBean: Completed initialization in 2 ms
10:24:04.392 INFO  com.zaxxer.hikari.HikariDataSource.getConnection: HikariPool-1 - Starting...
10:24:04.723 INFO  com.zaxxer.hikari.HikariDataSource.getConnection: HikariPool-1 - Start completed.
10:25:44.104 INFO  c.c.fidelite.models.DirectionTypeHandler.setNonNullParameter: B,BUYhgsadufhiasdfo*******AREYBABU******
10:40:43.528 INFO  o.s.b.a.SpringApplicationAdminMXBeanRegistrar$SpringApplicationAdmin.shutdown: Application shutdown requested.
10:40:43.560 INFO  com.zaxxer.hikari.HikariDataSource.close: HikariPool-1 - Shutdown initiated...
10:40:43.587 INFO  com.zaxxer.hikari.HikariDataSource.close: HikariPool-1 - Shutdown completed.
10:40:48.256 INFO  o.springframework.boot.StartupInfoLogger.logStarting: Starting FideliteServiceApplication using Java 17.0.7 on a721178win with PID 5020 (D:\Lat_Phase_Capstone\Fidelite-Rest\target\classes started by a721178 in D:\Lat_Phase_Capstone\Fidelite-Rest)
10:40:48.261 INFO  o.springframework.boot.SpringApplication.logStartupProfileInfo: The following 1 profile is active: "prod"
10:40:49.816 INFO  o.s.b.w.embedded.tomcat.TomcatWebServer.initialize: Tomcat initialized with port(s): 8080 (http)
10:40:49.831 INFO  org.apache.juli.logging.DirectJDKLog.log: Starting service [Tomcat]
10:40:49.833 INFO  org.apache.juli.logging.DirectJDKLog.log: Starting Servlet engine: [Apache Tomcat/9.0.62]
10:40:49.968 INFO  org.apache.juli.logging.DirectJDKLog.log: Initializing Spring embedded WebApplicationContext
10:40:49.969 INFO  o.s.b.w.s.c.ServletWebServerApplicationContext.prepareWebApplicationContext: Root WebApplicationContext: initialization completed in 1640 ms
10:40:51.249 INFO  o.s.b.a.e.web.EndpointLinksResolver.<init>: Exposing 1 endpoint(s) beneath base path '/actuator'
10:40:51.309 INFO  o.s.b.w.embedded.tomcat.TomcatWebServer.start: Tomcat started on port(s): 8080 (http) with context path ''
10:40:51.328 INFO  o.springframework.boot.StartupInfoLogger.logStarted: Started FideliteServiceApplication in 3.615 seconds (JVM running for 4.456)
10:40:51.912 INFO  org.apache.juli.logging.DirectJDKLog.log: Initializing Spring DispatcherServlet 'dispatcherServlet'
10:40:51.913 INFO  o.s.web.servlet.FrameworkServlet.initServletBean: Initializing Servlet 'dispatcherServlet'
10:40:51.916 INFO  o.s.web.servlet.FrameworkServlet.initServletBean: Completed initialization in 3 ms
10:41:08.603 INFO  com.zaxxer.hikari.HikariDataSource.getConnection: HikariPool-1 - Starting...
10:41:08.964 INFO  com.zaxxer.hikari.HikariDataSource.getConnection: HikariPool-1 - Start completed.
10:41:16.172 INFO  c.c.fidelite.models.DirectionTypeHandler.setNonNullParameter: B,BUYhgsadufhiasdfo*******AREYBABU******
10:45:56.739 INFO  o.s.b.a.SpringApplicationAdminMXBeanRegistrar$SpringApplicationAdmin.shutdown: Application shutdown requested.
10:45:56.768 INFO  com.zaxxer.hikari.HikariDataSource.close: HikariPool-1 - Shutdown initiated...
10:45:56.786 INFO  com.zaxxer.hikari.HikariDataSource.close: HikariPool-1 - Shutdown completed.
10:46:00.137 INFO  o.springframework.boot.StartupInfoLogger.logStarting: Starting FideliteServiceApplication using Java 17.0.7 on a721178win with PID 1052 (D:\Lat_Phase_Capstone\Fidelite-Rest\target\classes started by a721178 in D:\Lat_Phase_Capstone\Fidelite-Rest)
10:46:00.143 INFO  o.springframework.boot.SpringApplication.logStartupProfileInfo: The following 1 profile is active: "prod"
10:46:01.780 INFO  o.s.b.w.embedded.tomcat.TomcatWebServer.initialize: Tomcat initialized with port(s): 8080 (http)
10:46:01.794 INFO  org.apache.juli.logging.DirectJDKLog.log: Starting service [Tomcat]
10:46:01.796 INFO  org.apache.juli.logging.DirectJDKLog.log: Starting Servlet engine: [Apache Tomcat/9.0.62]
10:46:01.961 INFO  org.apache.juli.logging.DirectJDKLog.log: Initializing Spring embedded WebApplicationContext
10:46:01.961 INFO  o.s.b.w.s.c.ServletWebServerApplicationContext.prepareWebApplicationContext: Root WebApplicationContext: initialization completed in 1753 ms
10:46:03.340 INFO  o.s.b.a.e.web.EndpointLinksResolver.<init>: Exposing 1 endpoint(s) beneath base path '/actuator'
10:46:03.408 INFO  o.s.b.w.embedded.tomcat.TomcatWebServer.start: Tomcat started on port(s): 8080 (http) with context path ''
10:46:03.429 INFO  o.springframework.boot.StartupInfoLogger.logStarted: Started FideliteServiceApplication in 3.871 seconds (JVM running for 4.721)
10:46:03.720 INFO  org.apache.juli.logging.DirectJDKLog.log: Initializing Spring DispatcherServlet 'dispatcherServlet'
10:46:03.720 INFO  o.s.web.servlet.FrameworkServlet.initServletBean: Initializing Servlet 'dispatcherServlet'
10:46:03.723 INFO  o.s.web.servlet.FrameworkServlet.initServletBean: Completed initialization in 2 ms
10:46:13.310 INFO  com.zaxxer.hikari.HikariDataSource.getConnection: HikariPool-1 - Starting...
10:46:13.644 INFO  com.zaxxer.hikari.HikariDataSource.getConnection: HikariPool-1 - Start completed.
10:46:17.021 INFO  c.c.fidelite.models.DirectionTypeHandler.setNonNullParameter: B,BUYhgsadufhiasdfo*******AREYBABU******
10:46:43.031 INFO  c.c.fidelite.models.DirectionTypeHandler.getNullableResult: BUYhgsadufhiasdfozzzzzzzzz@@@@@@@@@@@@@@@@*******
10:46:43.043 ERROR org.apache.juli.logging.DirectJDKLog.log: Servlet.service() for servlet [dispatcherServlet] in context with path [] threw exception [Request processing failed; nested exception is com.capstone.fidelite.integration.DatabaseException: Server Eroor related to database access] with root cause
com.capstone.fidelite.integration.DatabaseException: Server Eroor related to database access
	at com.capstone.fidelite.services.PortfolioService.getTradeHistory(PortfolioService.java:254)
	at com.capstone.fidelite.restcontroller.TradeController.getAllTrades(TradeController.java:121)
	at java.base/jdk.internal.reflect.NativeMethodAccessorImpl.invoke0(Native Method)
	at java.base/jdk.internal.reflect.NativeMethodAccessorImpl.invoke(NativeMethodAccessorImpl.java:77)
	at java.base/jdk.internal.reflect.DelegatingMethodAccessorImpl.invoke(DelegatingMethodAccessorImpl.java:43)
	at java.base/java.lang.reflect.Method.invoke(Method.java:568)
	at org.springframework.web.method.support.InvocableHandlerMethod.doInvoke(InvocableHandlerMethod.java:205)
	at org.springframework.web.method.support.InvocableHandlerMethod.invokeForRequest(InvocableHandlerMethod.java:150)
	at org.springframework.web.servlet.mvc.method.annotation.ServletInvocableHandlerMethod.invokeAndHandle(ServletInvocableHandlerMethod.java:117)
	at org.springframework.web.servlet.mvc.method.annotation.RequestMappingHandlerAdapter.invokeHandlerMethod(RequestMappingHandlerAdapter.java:895)
	at org.springframework.web.servlet.mvc.method.annotation.RequestMappingHandlerAdapter.handleInternal(RequestMappingHandlerAdapter.java:808)
	at org.springframework.web.servlet.mvc.method.AbstractHandlerMethodAdapter.handle(AbstractHandlerMethodAdapter.java:87)
	at org.springframework.web.servlet.DispatcherServlet.doDispatch(DispatcherServlet.java:1067)
	at org.springframework.web.servlet.DispatcherServlet.doService(DispatcherServlet.java:963)
	at org.springframework.web.servlet.FrameworkServlet.processRequest(FrameworkServlet.java:1006)
	at org.springframework.web.servlet.FrameworkServlet.doGet(FrameworkServlet.java:898)
	at javax.servlet.http.HttpServlet.service(HttpServlet.java:655)
	at org.springframework.web.servlet.FrameworkServlet.service(FrameworkServlet.java:883)
	at javax.servlet.http.HttpServlet.service(HttpServlet.java:764)
	at org.apache.catalina.core.ApplicationFilterChain.internalDoFilter(ApplicationFilterChain.java:227)
	at org.apache.catalina.core.ApplicationFilterChain.doFilter(ApplicationFilterChain.java:162)
	at org.apache.tomcat.websocket.server.WsFilter.doFilter(WsFilter.java:53)
	at org.apache.catalina.core.ApplicationFilterChain.internalDoFilter(ApplicationFilterChain.java:189)
	at org.apache.catalina.core.ApplicationFilterChain.doFilter(ApplicationFilterChain.java:162)
	at org.springframework.web.filter.RequestContextFilter.doFilterInternal(RequestContextFilter.java:100)
	at org.springframework.web.filter.OncePerRequestFilter.doFilter(OncePerRequestFilter.java:117)
	at org.apache.catalina.core.ApplicationFilterChain.internalDoFilter(ApplicationFilterChain.java:189)
	at org.apache.catalina.core.ApplicationFilterChain.doFilter(ApplicationFilterChain.java:162)
	at org.springframework.web.filter.FormContentFilter.doFilterInternal(FormContentFilter.java:93)
	at org.springframework.web.filter.OncePerRequestFilter.doFilter(OncePerRequestFilter.java:117)
	at org.apache.catalina.core.ApplicationFilterChain.internalDoFilter(ApplicationFilterChain.java:189)
	at org.apache.catalina.core.ApplicationFilterChain.doFilter(ApplicationFilterChain.java:162)
	at org.springframework.boot.actuate.metrics.web.servlet.WebMvcMetricsFilter.doFilterInternal(WebMvcMetricsFilter.java:96)
	at org.springframework.web.filter.OncePerRequestFilter.doFilter(OncePerRequestFilter.java:117)
	at org.apache.catalina.core.ApplicationFilterChain.internalDoFilter(ApplicationFilterChain.java:189)
	at org.apache.catalina.core.ApplicationFilterChain.doFilter(ApplicationFilterChain.java:162)
	at org.springframework.web.filter.CharacterEncodingFilter.doFilterInternal(CharacterEncodingFilter.java:201)
	at org.springframework.web.filter.OncePerRequestFilter.doFilter(OncePerRequestFilter.java:117)
	at org.apache.catalina.core.ApplicationFilterChain.internalDoFilter(ApplicationFilterChain.java:189)
	at org.apache.catalina.core.ApplicationFilterChain.doFilter(ApplicationFilterChain.java:162)
	at org.apache.catalina.core.StandardWrapperValve.invoke(StandardWrapperValve.java:197)
	at org.apache.catalina.core.StandardContextValve.invoke(StandardContextValve.java:97)
	at org.apache.catalina.authenticator.AuthenticatorBase.invoke(AuthenticatorBase.java:541)
	at org.apache.catalina.core.StandardHostValve.invoke(StandardHostValve.java:135)
	at org.apache.catalina.valves.ErrorReportValve.invoke(ErrorReportValve.java:92)
	at org.apache.catalina.core.StandardEngineValve.invoke(StandardEngineValve.java:78)
	at org.apache.catalina.connector.CoyoteAdapter.service(CoyoteAdapter.java:360)
	at org.apache.coyote.http11.Http11Processor.service(Http11Processor.java:399)
	at org.apache.coyote.AbstractProcessorLight.process(AbstractProcessorLight.java:65)
	at org.apache.coyote.AbstractProtocol$ConnectionHandler.process(AbstractProtocol.java:890)
	at org.apache.tomcat.util.net.NioEndpoint$SocketProcessor.doRun(NioEndpoint.java:1743)
	at org.apache.tomcat.util.net.SocketProcessorBase.run(SocketProcessorBase.java:49)
	at org.apache.tomcat.util.threads.ThreadPoolExecutor.runWorker(ThreadPoolExecutor.java:1191)
	at org.apache.tomcat.util.threads.ThreadPoolExecutor$Worker.run(ThreadPoolExecutor.java:659)
	at org.apache.tomcat.util.threads.TaskThread$WrappingRunnable.run(TaskThread.java:61)
	at java.base/java.lang.Thread.run(Thread.java:833)
10:49:11.484 INFO  o.s.b.a.SpringApplicationAdminMXBeanRegistrar$SpringApplicationAdmin.shutdown: Application shutdown requested.
10:49:11.512 INFO  com.zaxxer.hikari.HikariDataSource.close: HikariPool-1 - Shutdown initiated...
10:49:11.532 INFO  com.zaxxer.hikari.HikariDataSource.close: HikariPool-1 - Shutdown completed.
10:49:14.916 INFO  o.springframework.boot.StartupInfoLogger.logStarting: Starting FideliteServiceApplication using Java 17.0.7 on a721178win with PID 1832 (D:\Lat_Phase_Capstone\Fidelite-Rest\target\classes started by a721178 in D:\Lat_Phase_Capstone\Fidelite-Rest)
10:49:14.922 INFO  o.springframework.boot.SpringApplication.logStartupProfileInfo: The following 1 profile is active: "prod"
10:49:16.556 INFO  o.s.b.w.embedded.tomcat.TomcatWebServer.initialize: Tomcat initialized with port(s): 8080 (http)
10:49:16.571 INFO  org.apache.juli.logging.DirectJDKLog.log: Starting service [Tomcat]
10:49:16.572 INFO  org.apache.juli.logging.DirectJDKLog.log: Starting Servlet engine: [Apache Tomcat/9.0.62]
10:49:16.735 INFO  org.apache.juli.logging.DirectJDKLog.log: Initializing Spring embedded WebApplicationContext
10:49:16.736 INFO  o.s.b.w.s.c.ServletWebServerApplicationContext.prepareWebApplicationContext: Root WebApplicationContext: initialization completed in 1744 ms
10:49:18.170 INFO  o.s.b.a.e.web.EndpointLinksResolver.<init>: Exposing 1 endpoint(s) beneath base path '/actuator'
10:49:18.256 INFO  o.s.b.w.embedded.tomcat.TomcatWebServer.start: Tomcat started on port(s): 8080 (http) with context path ''
10:49:18.280 INFO  o.springframework.boot.StartupInfoLogger.logStarted: Started FideliteServiceApplication in 3.941 seconds (JVM running for 4.821)
10:49:18.668 INFO  org.apache.juli.logging.DirectJDKLog.log: Initializing Spring DispatcherServlet 'dispatcherServlet'
10:49:18.669 INFO  o.s.web.servlet.FrameworkServlet.initServletBean: Initializing Servlet 'dispatcherServlet'
10:49:18.671 INFO  o.s.web.servlet.FrameworkServlet.initServletBean: Completed initialization in 2 ms
10:49:19.661 INFO  com.zaxxer.hikari.HikariDataSource.getConnection: HikariPool-1 - Starting...
10:49:20.053 INFO  com.zaxxer.hikari.HikariDataSource.getConnection: HikariPool-1 - Start completed.
10:49:20.260 INFO  c.c.fidelite.models.DirectionTypeHandler.getNullableResult: BUYhgsadufhiasdfozzzzzzzzz@@@@@@@@@@@@@@@@*******
10:49:20.287 ERROR org.apache.juli.logging.DirectJDKLog.log: Servlet.service() for servlet [dispatcherServlet] in context with path [] threw exception [Request processing failed; nested exception is com.capstone.fidelite.integration.DatabaseException: Server Eroor related to database access] with root cause
com.capstone.fidelite.integration.DatabaseException: Server Eroor related to database access
	at com.capstone.fidelite.services.PortfolioService.getTradeHistory(PortfolioService.java:254)
	at com.capstone.fidelite.restcontroller.TradeController.getAllTrades(TradeController.java:121)
	at java.base/jdk.internal.reflect.NativeMethodAccessorImpl.invoke0(Native Method)
	at java.base/jdk.internal.reflect.NativeMethodAccessorImpl.invoke(NativeMethodAccessorImpl.java:77)
	at java.base/jdk.internal.reflect.DelegatingMethodAccessorImpl.invoke(DelegatingMethodAccessorImpl.java:43)
	at java.base/java.lang.reflect.Method.invoke(Method.java:568)
	at org.springframework.web.method.support.InvocableHandlerMethod.doInvoke(InvocableHandlerMethod.java:205)
	at org.springframework.web.method.support.InvocableHandlerMethod.invokeForRequest(InvocableHandlerMethod.java:150)
	at org.springframework.web.servlet.mvc.method.annotation.ServletInvocableHandlerMethod.invokeAndHandle(ServletInvocableHandlerMethod.java:117)
	at org.springframework.web.servlet.mvc.method.annotation.RequestMappingHandlerAdapter.invokeHandlerMethod(RequestMappingHandlerAdapter.java:895)
	at org.springframework.web.servlet.mvc.method.annotation.RequestMappingHandlerAdapter.handleInternal(RequestMappingHandlerAdapter.java:808)
	at org.springframework.web.servlet.mvc.method.AbstractHandlerMethodAdapter.handle(AbstractHandlerMethodAdapter.java:87)
	at org.springframework.web.servlet.DispatcherServlet.doDispatch(DispatcherServlet.java:1067)
	at org.springframework.web.servlet.DispatcherServlet.doService(DispatcherServlet.java:963)
	at org.springframework.web.servlet.FrameworkServlet.processRequest(FrameworkServlet.java:1006)
	at org.springframework.web.servlet.FrameworkServlet.doGet(FrameworkServlet.java:898)
	at javax.servlet.http.HttpServlet.service(HttpServlet.java:655)
	at org.springframework.web.servlet.FrameworkServlet.service(FrameworkServlet.java:883)
	at javax.servlet.http.HttpServlet.service(HttpServlet.java:764)
	at org.apache.catalina.core.ApplicationFilterChain.internalDoFilter(ApplicationFilterChain.java:227)
	at org.apache.catalina.core.ApplicationFilterChain.doFilter(ApplicationFilterChain.java:162)
	at org.apache.tomcat.websocket.server.WsFilter.doFilter(WsFilter.java:53)
	at org.apache.catalina.core.ApplicationFilterChain.internalDoFilter(ApplicationFilterChain.java:189)
	at org.apache.catalina.core.ApplicationFilterChain.doFilter(ApplicationFilterChain.java:162)
	at org.springframework.web.filter.RequestContextFilter.doFilterInternal(RequestContextFilter.java:100)
	at org.springframework.web.filter.OncePerRequestFilter.doFilter(OncePerRequestFilter.java:117)
	at org.apache.catalina.core.ApplicationFilterChain.internalDoFilter(ApplicationFilterChain.java:189)
	at org.apache.catalina.core.ApplicationFilterChain.doFilter(ApplicationFilterChain.java:162)
	at org.springframework.web.filter.FormContentFilter.doFilterInternal(FormContentFilter.java:93)
	at org.springframework.web.filter.OncePerRequestFilter.doFilter(OncePerRequestFilter.java:117)
	at org.apache.catalina.core.ApplicationFilterChain.internalDoFilter(ApplicationFilterChain.java:189)
	at org.apache.catalina.core.ApplicationFilterChain.doFilter(ApplicationFilterChain.java:162)
	at org.springframework.boot.actuate.metrics.web.servlet.WebMvcMetricsFilter.doFilterInternal(WebMvcMetricsFilter.java:96)
	at org.springframework.web.filter.OncePerRequestFilter.doFilter(OncePerRequestFilter.java:117)
	at org.apache.catalina.core.ApplicationFilterChain.internalDoFilter(ApplicationFilterChain.java:189)
	at org.apache.catalina.core.ApplicationFilterChain.doFilter(ApplicationFilterChain.java:162)
	at org.springframework.web.filter.CharacterEncodingFilter.doFilterInternal(CharacterEncodingFilter.java:201)
	at org.springframework.web.filter.OncePerRequestFilter.doFilter(OncePerRequestFilter.java:117)
	at org.apache.catalina.core.ApplicationFilterChain.internalDoFilter(ApplicationFilterChain.java:189)
	at org.apache.catalina.core.ApplicationFilterChain.doFilter(ApplicationFilterChain.java:162)
	at org.apache.catalina.core.StandardWrapperValve.invoke(StandardWrapperValve.java:197)
	at org.apache.catalina.core.StandardContextValve.invoke(StandardContextValve.java:97)
	at org.apache.catalina.authenticator.AuthenticatorBase.invoke(AuthenticatorBase.java:541)
	at org.apache.catalina.core.StandardHostValve.invoke(StandardHostValve.java:135)
	at org.apache.catalina.valves.ErrorReportValve.invoke(ErrorReportValve.java:92)
	at org.apache.catalina.core.StandardEngineValve.invoke(StandardEngineValve.java:78)
	at org.apache.catalina.connector.CoyoteAdapter.service(CoyoteAdapter.java:360)
	at org.apache.coyote.http11.Http11Processor.service(Http11Processor.java:399)
	at org.apache.coyote.AbstractProcessorLight.process(AbstractProcessorLight.java:65)
	at org.apache.coyote.AbstractProtocol$ConnectionHandler.process(AbstractProtocol.java:890)
	at org.apache.tomcat.util.net.NioEndpoint$SocketProcessor.doRun(NioEndpoint.java:1743)
	at org.apache.tomcat.util.net.SocketProcessorBase.run(SocketProcessorBase.java:49)
	at org.apache.tomcat.util.threads.ThreadPoolExecutor.runWorker(ThreadPoolExecutor.java:1191)
	at org.apache.tomcat.util.threads.ThreadPoolExecutor$Worker.run(ThreadPoolExecutor.java:659)
	at org.apache.tomcat.util.threads.TaskThread$WrappingRunnable.run(TaskThread.java:61)
	at java.base/java.lang.Thread.run(Thread.java:833)
10:49:49.564 INFO  o.s.b.a.SpringApplicationAdminMXBeanRegistrar$SpringApplicationAdmin.shutdown: Application shutdown requested.
10:49:49.594 INFO  com.zaxxer.hikari.HikariDataSource.close: HikariPool-1 - Shutdown initiated...
10:49:49.613 INFO  com.zaxxer.hikari.HikariDataSource.close: HikariPool-1 - Shutdown completed.
10:49:53.269 INFO  o.springframework.boot.StartupInfoLogger.logStarting: Starting FideliteServiceApplication using Java 17.0.7 on a721178win with PID 9068 (D:\Lat_Phase_Capstone\Fidelite-Rest\target\classes started by a721178 in D:\Lat_Phase_Capstone\Fidelite-Rest)
10:49:53.274 INFO  o.springframework.boot.SpringApplication.logStartupProfileInfo: The following 1 profile is active: "prod"
10:49:54.916 INFO  o.s.b.w.embedded.tomcat.TomcatWebServer.initialize: Tomcat initialized with port(s): 8080 (http)
10:49:54.927 INFO  org.apache.juli.logging.DirectJDKLog.log: Starting service [Tomcat]
10:49:54.929 INFO  org.apache.juli.logging.DirectJDKLog.log: Starting Servlet engine: [Apache Tomcat/9.0.62]
10:49:55.061 INFO  org.apache.juli.logging.DirectJDKLog.log: Initializing Spring embedded WebApplicationContext
10:49:55.062 INFO  o.s.b.w.s.c.ServletWebServerApplicationContext.prepareWebApplicationContext: Root WebApplicationContext: initialization completed in 1710 ms
10:49:56.432 INFO  o.s.b.a.e.web.EndpointLinksResolver.<init>: Exposing 1 endpoint(s) beneath base path '/actuator'
10:49:56.490 INFO  o.s.b.w.embedded.tomcat.TomcatWebServer.start: Tomcat started on port(s): 8080 (http) with context path ''
10:49:56.508 INFO  o.springframework.boot.StartupInfoLogger.logStarted: Started FideliteServiceApplication in 3.81 seconds (JVM running for 4.685)
10:49:56.893 INFO  org.apache.juli.logging.DirectJDKLog.log: Initializing Spring DispatcherServlet 'dispatcherServlet'
10:49:56.893 INFO  o.s.web.servlet.FrameworkServlet.initServletBean: Initializing Servlet 'dispatcherServlet'
10:49:56.895 INFO  o.s.web.servlet.FrameworkServlet.initServletBean: Completed initialization in 2 ms
10:49:57.072 INFO  com.zaxxer.hikari.HikariDataSource.getConnection: HikariPool-1 - Starting...
10:49:57.535 INFO  com.zaxxer.hikari.HikariDataSource.getConnection: HikariPool-1 - Start completed.
10:49:57.744 INFO  c.c.fidelite.models.DirectionTypeHandler.getNullableResult: BUYhgsadufhiasdfozzzzzzzzz@@@@@@@@@@@@@@@@*******
10:49:57.776 ERROR org.apache.juli.logging.DirectJDKLog.log: Servlet.service() for servlet [dispatcherServlet] in context with path [] threw exception [Request processing failed; nested exception is com.capstone.fidelite.integration.DatabaseException: Server Eroor related to database access] with root cause
com.capstone.fidelite.integration.DatabaseException: Server Eroor related to database access
	at com.capstone.fidelite.services.PortfolioService.getTradeHistory(PortfolioService.java:255)
	at com.capstone.fidelite.restcontroller.TradeController.getAllTrades(TradeController.java:121)
	at java.base/jdk.internal.reflect.NativeMethodAccessorImpl.invoke0(Native Method)
	at java.base/jdk.internal.reflect.NativeMethodAccessorImpl.invoke(NativeMethodAccessorImpl.java:77)
	at java.base/jdk.internal.reflect.DelegatingMethodAccessorImpl.invoke(DelegatingMethodAccessorImpl.java:43)
	at java.base/java.lang.reflect.Method.invoke(Method.java:568)
	at org.springframework.web.method.support.InvocableHandlerMethod.doInvoke(InvocableHandlerMethod.java:205)
	at org.springframework.web.method.support.InvocableHandlerMethod.invokeForRequest(InvocableHandlerMethod.java:150)
	at org.springframework.web.servlet.mvc.method.annotation.ServletInvocableHandlerMethod.invokeAndHandle(ServletInvocableHandlerMethod.java:117)
	at org.springframework.web.servlet.mvc.method.annotation.RequestMappingHandlerAdapter.invokeHandlerMethod(RequestMappingHandlerAdapter.java:895)
	at org.springframework.web.servlet.mvc.method.annotation.RequestMappingHandlerAdapter.handleInternal(RequestMappingHandlerAdapter.java:808)
	at org.springframework.web.servlet.mvc.method.AbstractHandlerMethodAdapter.handle(AbstractHandlerMethodAdapter.java:87)
	at org.springframework.web.servlet.DispatcherServlet.doDispatch(DispatcherServlet.java:1067)
	at org.springframework.web.servlet.DispatcherServlet.doService(DispatcherServlet.java:963)
	at org.springframework.web.servlet.FrameworkServlet.processRequest(FrameworkServlet.java:1006)
	at org.springframework.web.servlet.FrameworkServlet.doGet(FrameworkServlet.java:898)
	at javax.servlet.http.HttpServlet.service(HttpServlet.java:655)
	at org.springframework.web.servlet.FrameworkServlet.service(FrameworkServlet.java:883)
	at javax.servlet.http.HttpServlet.service(HttpServlet.java:764)
	at org.apache.catalina.core.ApplicationFilterChain.internalDoFilter(ApplicationFilterChain.java:227)
	at org.apache.catalina.core.ApplicationFilterChain.doFilter(ApplicationFilterChain.java:162)
	at org.apache.tomcat.websocket.server.WsFilter.doFilter(WsFilter.java:53)
	at org.apache.catalina.core.ApplicationFilterChain.internalDoFilter(ApplicationFilterChain.java:189)
	at org.apache.catalina.core.ApplicationFilterChain.doFilter(ApplicationFilterChain.java:162)
	at org.springframework.web.filter.RequestContextFilter.doFilterInternal(RequestContextFilter.java:100)
	at org.springframework.web.filter.OncePerRequestFilter.doFilter(OncePerRequestFilter.java:117)
	at org.apache.catalina.core.ApplicationFilterChain.internalDoFilter(ApplicationFilterChain.java:189)
	at org.apache.catalina.core.ApplicationFilterChain.doFilter(ApplicationFilterChain.java:162)
	at org.springframework.web.filter.FormContentFilter.doFilterInternal(FormContentFilter.java:93)
	at org.springframework.web.filter.OncePerRequestFilter.doFilter(OncePerRequestFilter.java:117)
	at org.apache.catalina.core.ApplicationFilterChain.internalDoFilter(ApplicationFilterChain.java:189)
	at org.apache.catalina.core.ApplicationFilterChain.doFilter(ApplicationFilterChain.java:162)
	at org.springframework.boot.actuate.metrics.web.servlet.WebMvcMetricsFilter.doFilterInternal(WebMvcMetricsFilter.java:96)
	at org.springframework.web.filter.OncePerRequestFilter.doFilter(OncePerRequestFilter.java:117)
	at org.apache.catalina.core.ApplicationFilterChain.internalDoFilter(ApplicationFilterChain.java:189)
	at org.apache.catalina.core.ApplicationFilterChain.doFilter(ApplicationFilterChain.java:162)
	at org.springframework.web.filter.CharacterEncodingFilter.doFilterInternal(CharacterEncodingFilter.java:201)
	at org.springframework.web.filter.OncePerRequestFilter.doFilter(OncePerRequestFilter.java:117)
	at org.apache.catalina.core.ApplicationFilterChain.internalDoFilter(ApplicationFilterChain.java:189)
	at org.apache.catalina.core.ApplicationFilterChain.doFilter(ApplicationFilterChain.java:162)
	at org.apache.catalina.core.StandardWrapperValve.invoke(StandardWrapperValve.java:197)
	at org.apache.catalina.core.StandardContextValve.invoke(StandardContextValve.java:97)
	at org.apache.catalina.authenticator.AuthenticatorBase.invoke(AuthenticatorBase.java:541)
	at org.apache.catalina.core.StandardHostValve.invoke(StandardHostValve.java:135)
	at org.apache.catalina.valves.ErrorReportValve.invoke(ErrorReportValve.java:92)
	at org.apache.catalina.core.StandardEngineValve.invoke(StandardEngineValve.java:78)
	at org.apache.catalina.connector.CoyoteAdapter.service(CoyoteAdapter.java:360)
	at org.apache.coyote.http11.Http11Processor.service(Http11Processor.java:399)
	at org.apache.coyote.AbstractProcessorLight.process(AbstractProcessorLight.java:65)
	at org.apache.coyote.AbstractProtocol$ConnectionHandler.process(AbstractProtocol.java:890)
	at org.apache.tomcat.util.net.NioEndpoint$SocketProcessor.doRun(NioEndpoint.java:1743)
	at org.apache.tomcat.util.net.SocketProcessorBase.run(SocketProcessorBase.java:49)
	at org.apache.tomcat.util.threads.ThreadPoolExecutor.runWorker(ThreadPoolExecutor.java:1191)
	at org.apache.tomcat.util.threads.ThreadPoolExecutor$Worker.run(ThreadPoolExecutor.java:659)
	at org.apache.tomcat.util.threads.TaskThread$WrappingRunnable.run(TaskThread.java:61)
	at java.base/java.lang.Thread.run(Thread.java:833)
10:53:46.139 INFO  o.s.b.a.SpringApplicationAdminMXBeanRegistrar$SpringApplicationAdmin.shutdown: Application shutdown requested.
10:53:46.171 INFO  com.zaxxer.hikari.HikariDataSource.close: HikariPool-1 - Shutdown initiated...
10:53:46.184 INFO  com.zaxxer.hikari.HikariDataSource.close: HikariPool-1 - Shutdown completed.
10:53:49.767 INFO  o.springframework.boot.StartupInfoLogger.logStarting: Starting FideliteServiceApplication using Java 17.0.7 on a721178win with PID 6736 (D:\Lat_Phase_Capstone\Fidelite-Rest\target\classes started by a721178 in D:\Lat_Phase_Capstone\Fidelite-Rest)
10:53:49.772 INFO  o.springframework.boot.SpringApplication.logStartupProfileInfo: The following 1 profile is active: "prod"
10:53:51.377 INFO  o.s.b.w.embedded.tomcat.TomcatWebServer.initialize: Tomcat initialized with port(s): 8080 (http)
10:53:51.393 INFO  org.apache.juli.logging.DirectJDKLog.log: Starting service [Tomcat]
10:53:51.394 INFO  org.apache.juli.logging.DirectJDKLog.log: Starting Servlet engine: [Apache Tomcat/9.0.62]
10:53:51.524 INFO  org.apache.juli.logging.DirectJDKLog.log: Initializing Spring embedded WebApplicationContext
10:53:51.524 INFO  o.s.b.w.s.c.ServletWebServerApplicationContext.prepareWebApplicationContext: Root WebApplicationContext: initialization completed in 1679 ms
10:53:52.862 INFO  o.s.b.a.e.web.EndpointLinksResolver.<init>: Exposing 1 endpoint(s) beneath base path '/actuator'
10:53:52.924 INFO  o.s.b.w.embedded.tomcat.TomcatWebServer.start: Tomcat started on port(s): 8080 (http) with context path ''
10:53:52.943 INFO  o.springframework.boot.StartupInfoLogger.logStarted: Started FideliteServiceApplication in 3.733 seconds (JVM running for 4.591)
10:53:53.378 INFO  org.apache.juli.logging.DirectJDKLog.log: Initializing Spring DispatcherServlet 'dispatcherServlet'
10:53:53.378 INFO  o.s.web.servlet.FrameworkServlet.initServletBean: Initializing Servlet 'dispatcherServlet'
10:53:53.380 INFO  o.s.web.servlet.FrameworkServlet.initServletBean: Completed initialization in 2 ms
10:53:57.651 INFO  com.zaxxer.hikari.HikariDataSource.getConnection: HikariPool-1 - Starting...
10:53:57.993 INFO  com.zaxxer.hikari.HikariDataSource.getConnection: HikariPool-1 - Start completed.
10:53:58.183 INFO  c.c.fidelite.models.DirectionTypeHandler.getNullableResult: BUYhgsadufhiasdfozzzzzzzzz@@@@@@@@@@@@@@@@*******
10:53:58.185 INFO  c.c.fidelite.models.DirectionTypeHandler.getNullableResult: BUYhgsadufhiasdfozzzzzzzzz@@@@@@@@@@@@@@@@*******
10:53:58.186 INFO  c.c.fidelite.models.DirectionTypeHandler.getNullableResult: BUYhgsadufhiasdfozzzzzzzzz@@@@@@@@@@@@@@@@*******
10:53:58.188 INFO  c.c.fidelite.models.DirectionTypeHandler.getNullableResult: BUYhgsadufhiasdfozzzzzzzzz@@@@@@@@@@@@@@@@*******
11:12:22.624 INFO  o.s.b.a.SpringApplicationAdminMXBeanRegistrar$SpringApplicationAdmin.shutdown: Application shutdown requested.
11:12:22.651 INFO  com.zaxxer.hikari.HikariDataSource.close: HikariPool-1 - Shutdown initiated...
11:12:22.670 INFO  com.zaxxer.hikari.HikariDataSource.close: HikariPool-1 - Shutdown completed.
11:18:10.562 INFO  o.springframework.boot.StartupInfoLogger.logStarting: Starting FideliteServiceApplication using Java 17.0.7 on a721178win with PID 4776 (D:\Lat_Phase_Capstone\Fidelite-Rest\target\classes started by a721178 in D:\Lat_Phase_Capstone\Fidelite-Rest)
11:18:10.567 INFO  o.springframework.boot.SpringApplication.logStartupProfileInfo: The following 1 profile is active: "prod"
11:18:12.236 INFO  o.s.b.w.embedded.tomcat.TomcatWebServer.initialize: Tomcat initialized with port(s): 8080 (http)
11:18:12.250 INFO  org.apache.juli.logging.DirectJDKLog.log: Starting service [Tomcat]
11:18:12.251 INFO  org.apache.juli.logging.DirectJDKLog.log: Starting Servlet engine: [Apache Tomcat/9.0.62]
11:18:12.386 INFO  org.apache.juli.logging.DirectJDKLog.log: Initializing Spring embedded WebApplicationContext
11:18:12.387 INFO  o.s.b.w.s.c.ServletWebServerApplicationContext.prepareWebApplicationContext: Root WebApplicationContext: initialization completed in 1729 ms
11:18:13.719 INFO  o.s.b.a.e.web.EndpointLinksResolver.<init>: Exposing 1 endpoint(s) beneath base path '/actuator'
11:18:13.785 INFO  o.s.b.w.embedded.tomcat.TomcatWebServer.start: Tomcat started on port(s): 8080 (http) with context path ''
11:18:13.805 INFO  o.springframework.boot.StartupInfoLogger.logStarted: Started FideliteServiceApplication in 3.807 seconds (JVM running for 4.63)
11:18:14.212 INFO  org.apache.juli.logging.DirectJDKLog.log: Initializing Spring DispatcherServlet 'dispatcherServlet'
11:18:14.213 INFO  o.s.web.servlet.FrameworkServlet.initServletBean: Initializing Servlet 'dispatcherServlet'
11:18:14.215 INFO  o.s.web.servlet.FrameworkServlet.initServletBean: Completed initialization in 2 ms
